Serial initialized. Booting...
kernel_start= 0x00200000
kernel_end= 0x002088F4flags= 0x00001A6F
mmap addr= 0x000100BC
mmap length= 0x00000078
flags= 0x00001A6F
entry addr= 0x00000000
entry len= 0x0009FC00
entry type= 0x00000001
entry size= 0x00000014
entry addr= 0x0009FC00
entry len= 0x00000400
entry type= 0x00000002
entry size= 0x00000014
entry addr= 0x000F0000
entry len= 0x00010000
entry type= 0x00000002
entry size= 0x00000014
entry addr= 0x00100000
entry len= 0x07F00000
entry type= 0x00000001
entry size= 0x00000014
entry addr= 0xFFFC0000
entry len= 0x00040000
entry type= 0x00000002
entry size= 0x00000014
Memory available.

block 0
start= 0x002088F4
end= 0x08000000
Starting allocator test...
arr1 write/read test passed.
arr2 preserved correctly after arr3 allocation.
Allocator test completed successfully.

GDT init...
PIC remap...
IDT setup...
Install timer & keyboard drivers..
PIT init...
IDT init...
RAW int_no: 32
IRQ#: 0 hit
Boot complete.
RAW int_no: 33
IRQ#: 1 hit
RAW int_no: 32
IRQ#: 0 hit
RAW int_no: 32
IRQ#: 0 hit
RAW int_no: 32
IRQ#: 0 hit
RAW int_no: 32
IRQ#: 0 hit
RAW int_no: 32
IRQ#: 0 hit
RAW int_no: 32
IRQ#: 0 hit
RAW int_no: 32
IRQ#: 0 hit
RAW int_no: 32
IRQ#: 0 hit
RAW int_no: 32
IRQ#: 0 hit
RAW int_no: 32
IRQ#: 0 hit
RAW int_no: 32
IRQ#: 0 hit
RAW int_no: 32
IRQ#: 0 hit
RAW int_no: 32
IRQ#: 0 hit
RAW int_no: 32
IRQ#: 0 hit
RAW int_no: 32
IRQ#: 0 hit
RAW int_no: 32
IRQ#: 0 hit
RAW int_no: 32
IRQ#: 0 hit
RAW int_no: 32
IRQ#: 0 hit
RAW int_no: 32
IRQ#: 0 hit
RAW int_no: 32
IRQ#: 0 hit
RAW int_no: 32
IRQ#: 0 hit
RAW int_no: 32
IRQ#: 0 hit
RAW int_no: 32
IRQ#: 0 hit
RAW int_no: 32
IRQ#: 0 hit
RAW int_no: 32
IRQ#: 0 hit
RAW int_no: 32
IRQ#: 0 hit
RAW int_no: 32
IRQ#: 0 hit
RAW int_no: 32
IRQ#: 0 hit
RAW int_no: 32
IRQ#: 0 hit
RAW int_no: 32
IRQ#: 0 hit
RAW int_no: 32
IRQ#: 0 hit
RAW int_no: 32
IRQ#: 0 hit
RAW int_no: 32
IRQ#: 0 hit
RAW int_no: 32
IRQ#: 0 hit
RAW int_no: 32
IRQ#: 0 hit
RAW int_no: 32
IRQ#: 0 hit
RAW int_no: 32
IRQ#: 0 hit
RAW int_no: 32
IRQ#: 0 hit
RAW int_no: 32
IRQ#: 0 hit
RAW int_no: 32
IRQ#: 0 hit
RAW int_no: 32
IRQ#: 0 hit
RAW int_no: 32
IRQ#: 0 hit
RAW int_no: 32
IRQ#: 0 hit
RAW int_no: 32
IRQ#: 0 hit
RAW int_no: 32
IRQ#: 0 hit
RAW int_no: 32
IRQ#: 0 hit
RAW int_no: 32
IRQ#: 0 hit
RAW int_no: 32
IRQ#: 0 hit
RAW int_no: 32
IRQ#: 0 hit
RAW int_no: 32
IRQ#: 0 hit
RAW int_no: 32
IRQ#: 0 hit
RAW int_no: 32
IRQ#: 0 hit
RAW int_no: 32
IRQ#: 0 hit
RAW int_no: 32
IRQ#: 0 hit
RAW int_no: 32
IRQ#: 0 hit
RAW int_no: 32
IRQ#: 0 hit
RAW int_no: 32
IRQ#: 0 hit
RAW int_no: 32
IRQ#: 0 hit
RAW int_no: 32
IRQ#: 0 hit
RAW int_no: 32
IRQ#: 0 hit
RAW int_no: 32
IRQ#: 0 hit
RAW int_no: 32
IRQ#: 0 hit
RAW int_no: 32
IRQ#: 0 hit
RAW int_no: 32
IRQ#: 0 hit
RAW int_no: 32
IRQ#: 0 hit
RAW int_no: 32
IRQ#: 0 hit
RAW int_no: 32
IRQ#: 0 hit
RAW int_no: 32
IRQ#: 0 hit
RAW int_no: 32
IRQ#: 0 hit
RAW int_no: 32
IRQ#: 0 hit
RAW int_no: 32
IRQ#: 0 hit
RAW int_no: 32
IRQ#: 0 hit
RAW int_no: 32
IRQ#: 0 hit
RAW int_no: 32
IRQ#: 0 hit
RAW int_no: 32
IRQ#: 0 hit
RAW int_no: 32
IRQ#: 0 hit
RAW int_no: 32
IRQ#: 0 hit
RAW int_no: 32
IRQ#: 0 hit
RAW int_no: 32
IRQ#: 0 hit
RAW int_no: 32
IRQ#: 0 hit
RAW int_no: 32
IRQ#: 0 hit
RAW int_no: 32
IRQ#: 0 hit
RAW int_no: 32
IRQ#: 0 hit
RAW int_no: 32
IRQ#: 0 hit
RAW int_no: 32
IRQ#: 0 hit
RAW int_no: 32
IRQ#: 0 hit
RAW int_no: 32
IRQ#: 0 hit
RAW int_no: 32
IRQ#: 0 hit
RAW int_no: 32
IRQ#: 0 hit
RAW int_no: 32
IRQ#: 0 hit
RAW int_no: 32
IRQ#: 0 hit
RAW int_no: 32
IRQ#: 0 hit
RAW int_no: 32
IRQ#: 0 hit
RAW int_no: 32
IRQ#: 0 hit
RAW int_no: 32
IRQ#: 0 hit
RAW int_no: 32
IRQ#: 0 hit
RAW int_no: 32
IRQ#: 0 hit
RAW int_no: 32
IRQ#: 0 hit
RAW int_no: 32
IRQ#: 0 hit
Timer tick: 100
RAW int_no: 32
IRQ#: 0 hit
RAW int_no: 32
IRQ#: 0 hit
RAW int_no: 32
IRQ#: 0 hit
RAW int_no: 32
IRQ#: 0 hit
RAW int_no: 32
IRQ#: 0 hit
RAW int_no: 32
IRQ#: 0 hit
RAW int_no: 32
IRQ#: 0 hit
RAW int_no: 32
IRQ#: 0 hit
RAW int_no: 32
IRQ#: 0 hit
RAW int_no: 32
IRQ#: 0 hit
RAW int_no: 32
IRQ#: 0 hit
RAW int_no: 32
IRQ#: 0 hit
RAW int_no: 32
IRQ#: 0 hit
RAW int_no: 32
IRQ#: 0 hit
RAW int_no: 32
IRQ#: 0 hit
RAW int_no: 32
IRQ#: 0 hit
RAW int_no: 32
IRQ#: 0 hit
RAW int_no: 32
IRQ#: 0 hit
RAW int_no: 32
IRQ#: 0 hit
RAW int_no: 32
IRQ#: 0 hit
RAW int_no: 32
IRQ#: 0 hit
RAW int_no: 32
IRQ#: 0 hit
RAW int_no: 32
IRQ#: 0 hit
RAW int_no: 32
IRQ#: 0 hit
RAW int_no: 32
IRQ#: 0 hit
RAW int_no: 32
IRQ#: 0 hit
RAW int_no: 32
IRQ#: 0 hit
RAW int_no: 32
IRQ#: 0 hit
RAW int_no: 32
IRQ#: 0 hit
RAW int_no: 32
IRQ#: 0 hit
RAW int_no: 32
IRQ#: 0 hit
RAW int_no: 32
IRQ#: 0 hit
RAW int_no: 32
IRQ#: 0 hit
RAW int_no: 32
IRQ#: 0 hit
RAW int_no: 32
IRQ#: 0 hit
RAW int_no: 32
IRQ#: 0 hit
RAW int_no: 32
IRQ#: 0 hit
RAW int_no: 32
IRQ#: 0 hit
RAW int_no: 32
IRQ#: 0 hit
RAW int_no: 32
IRQ#: 0 hit
RAW int_no: 32
IRQ#: 0 hit
RAW int_no: 32
IRQ#: 0 hit
RAW int_no: 32
IRQ#: 0 hit
RAW int_no: 32
IRQ#: 0 hit
RAW int_no: 32
IRQ#: 0 hit
RAW int_no: 32
IRQ#: 0 hit
RAW int_no: 32
IRQ#: 0 hit
RAW int_no: 32
IRQ#: 0 hit
RAW int_no: 32
IRQ#: 0 hit
RAW int_no: 32
IRQ#: 0 hit
RAW int_no: 32
IRQ#: 0 hit
RAW int_no: 32
IRQ#: 0 hit
RAW int_no: 32
IRQ#: 0 hit
RAW int_no: 32
IRQ#: 0 hit
RAW int_no: 32
IRQ#: 0 hit
RAW int_no: 32
IRQ#: 0 hit
RAW int_no: 32
IRQ#: 0 hit
RAW int_no: 32
IRQ#: 0 hit
RAW int_no: 32
IRQ#: 0 hit
RAW int_no: 32
IRQ#: 0 hit
RAW int_no: 32
IRQ#: 0 hit
RAW int_no: 32
IRQ#: 0 hit
RAW int_no: 32
IRQ#: 0 hit
RAW int_no: 32
IRQ#: 0 hit
RAW int_no: 32
IRQ#: 0 hit
RAW int_no: 32
IRQ#: 0 hit
RAW int_no: 32
IRQ#: 0 hit
RAW int_no: 32
IRQ#: 0 hit
RAW int_no: 32
IRQ#: 0 hit
RAW int_no: 32
IRQ#: 0 hit
RAW int_no: 32
IRQ#: 0 hit
RAW int_no: 32
IRQ#: 0 hit
RAW int_no: 32
IRQ#: 0 hit
RAW int_no: 32
IRQ#: 0 hit
RAW int_no: 32
IRQ#: 0 hit
RAW int_no: 32
IRQ#: 0 hit
RAW int_no: 32
IRQ#: 0 hit
RAW int_no: 32
IRQ#: 0 hit
RAW int_no: 32
IRQ#: 0 hit
RAW int_no: 32
IRQ#: 0 hit
RAW int_no: 32
IRQ#: 0 hit
RAW int_no: 32
IRQ#: 0 hit
RAW int_no: 32
IRQ#: 0 hit
RAW int_no: 32
IRQ#: 0 hit
RAW int_no: 32
IRQ#: 0 hit
RAW int_no: 32
IRQ#: 0 hit
RAW int_no: 32
IRQ#: 0 hit
RAW int_no: 32
IRQ#: 0 hit
RAW int_no: 32
IRQ#: 0 hit
RAW int_no: 32
IRQ#: 0 hit
RAW int_no: 32
IRQ#: 0 hit
RAW int_no: 32
IRQ#: 0 hit
RAW int_no: 33
IRQ#: 1 hit
RAW int_no: 32
IRQ#: 0 hit
RAW int_no: 32
IRQ#: 0 hit
RAW int_no: 32
IRQ#: 0 hit
RAW int_no: 32
IRQ#: 0 hit
RAW int_no: 32
IRQ#: 0 hit
RAW int_no: 33
IRQ#: 1 hit
RAW int_no: 32
IRQ#: 0 hit
RAW int_no: 32
IRQ#: 0 hit
RAW int_no: 32
IRQ#: 0 hit
Timer tick: 200
RAW int_no: 32
IRQ#: 0 hit
RAW int_no: 32
IRQ#: 0 hit
RAW int_no: 32
IRQ#: 0 hit
RAW int_no: 33
IRQ#: 1 hit
RAW int_no: 32
IRQ#: 0 hit
RAW int_no: 32
IRQ#: 0 hit
RAW int_no: 32
IRQ#: 0 hit
RAW int_no: 32
IRQ#: 0 hit
RAW int_no: 32
IRQ#: 0 hit
RAW int_no: 32
IRQ#: 0 hit
RAW int_no: 33
IRQ#: 1 hit
RAW int_no: 32
IRQ#: 0 hit
RAW int_no: 32
IRQ#: 0 hit
RAW int_no: 32
IRQ#: 0 hit
RAW int_no: 32
IRQ#: 0 hit
RAW int_no: 32
IRQ#: 0 hit
RAW int_no: 32
IRQ#: 0 hit
RAW int_no: 32
IRQ#: 0 hit
RAW int_no: 32
IRQ#: 0 hit
RAW int_no: 33
IRQ#: 1 hit
RAW int_no: 32
IRQ#: 0 hit
RAW int_no: 32
IRQ#: 0 hit
RAW int_no: 32
IRQ#: 0 hit
RAW int_no: 32
IRQ#: 0 hit
RAW int_no: 32
IRQ#: 0 hit
RAW int_no: 32
IRQ#: 0 hit
RAW int_no: 33
IRQ#: 1 hit
RAW int_no: 32
IRQ#: 0 hit
RAW int_no: 32
IRQ#: 0 hit
RAW int_no: 32
IRQ#: 0 hit
RAW int_no: 32
IRQ#: 0 hit
RAW int_no: 32
IRQ#: 0 hit
RAW int_no: 32
IRQ#: 0 hit
RAW int_no: 32
IRQ#: 0 hit
RAW int_no: 33
IRQ#: 1 hit
RAW int_no: 32
IRQ#: 0 hit
RAW int_no: 32
IRQ#: 0 hit
RAW int_no: 32
IRQ#: 0 hit
RAW int_no: 32
IRQ#: 0 hit
RAW int_no: 32
IRQ#: 0 hit
RAW int_no: 32
IRQ#: 0 hit
RAW int_no: 32
IRQ#: 0 hit
RAW int_no: 33
IRQ#: 1 hit
RAW int_no: 32
IRQ#: 0 hit
RAW int_no: 32
IRQ#: 0 hit
RAW int_no: 32
IRQ#: 0 hit
RAW int_no: 32
IRQ#: 0 hit
RAW int_no: 32
IRQ#: 0 hit
RAW int_no: 32
IRQ#: 0 hit
RAW int_no: 32
IRQ#: 0 hit
RAW int_no: 32
IRQ#: 0 hit
RAW int_no: 32
IRQ#: 0 hit
RAW int_no: 32
IRQ#: 0 hit
RAW int_no: 33
IRQ#: 1 hit
RAW int_no: 32
IRQ#: 0 hit
RAW int_no: 32
IRQ#: 0 hit
RAW int_no: 32
IRQ#: 0 hit
RAW int_no: 32
IRQ#: 0 hit
RAW int_no: 32
IRQ#: 0 hit
RAW int_no: 33
IRQ#: 1 hit
RAW int_no: 32
IRQ#: 0 hit
RAW int_no: 32
IRQ#: 0 hit
RAW int_no: 32
IRQ#: 0 hit
RAW int_no: 32
IRQ#: 0 hit
RAW int_no: 32
IRQ#: 0 hit
RAW int_no: 32
IRQ#: 0 hit
RAW int_no: 32
IRQ#: 0 hit
RAW int_no: 32
IRQ#: 0 hit
RAW int_no: 32
IRQ#: 0 hit
RAW int_no: 33
IRQ#: 1 hit
RAW int_no: 32
IRQ#: 0 hit
RAW int_no: 32
IRQ#: 0 hit
RAW int_no: 32
IRQ#: 0 hit
RAW int_no: 32
IRQ#: 0 hit
RAW int_no: 32
IRQ#: 0 hit
RAW int_no: 32
IRQ#: 0 hit
RAW int_no: 32
IRQ#: 0 hit
RAW int_no: 33
IRQ#: 1 hit
RAW int_no: 32
IRQ#: 0 hit
RAW int_no: 32
IRQ#: 0 hit
RAW int_no: 32
IRQ#: 0 hit
RAW int_no: 32
IRQ#: 0 hit
RAW int_no: 32
IRQ#: 0 hit
RAW int_no: 32
IRQ#: 0 hit
RAW int_no: 33
IRQ#: 1 hit
RAW int_no: 32
IRQ#: 0 hit
RAW int_no: 32
IRQ#: 0 hit
RAW int_no: 32
IRQ#: 0 hit
RAW int_no: 32
IRQ#: 0 hit
RAW int_no: 32
IRQ#: 0 hit
RAW int_no: 32
IRQ#: 0 hit
RAW int_no: 32
IRQ#: 0 hit
RAW int_no: 33
IRQ#: 1 hit
RAW int_no: 32
IRQ#: 0 hit
RAW int_no: 33
IRQ#: 1 hit
RAW int_no: 32
IRQ#: 0 hit
RAW int_no: 32
IRQ#: 0 hit
RAW int_no: 32
IRQ#: 0 hit
RAW int_no: 32
IRQ#: 0 hit
RAW int_no: 32
IRQ#: 0 hit
RAW int_no: 32
IRQ#: 0 hit
RAW int_no: 32
IRQ#: 0 hit
RAW int_no: 33
IRQ#: 1 hit
RAW int_no: 32
IRQ#: 0 hit
RAW int_no: 32
IRQ#: 0 hit
RAW int_no: 32
IRQ#: 0 hit
RAW int_no: 32
IRQ#: 0 hit
RAW int_no: 32
IRQ#: 0 hit
RAW int_no: 32
IRQ#: 0 hit
RAW int_no: 32
IRQ#: 0 hit
RAW int_no: 33
IRQ#: 1 hit
RAW int_no: 32
IRQ#: 0 hit
RAW int_no: 32
IRQ#: 0 hit
RAW int_no: 32
IRQ#: 0 hit
RAW int_no: 32
IRQ#: 0 hit
Timer tick: 300
RAW int_no: 32
IRQ#: 0 hit
RAW int_no: 32
IRQ#: 0 hit
RAW int_no: 32
IRQ#: 0 hit
RAW int_no: 32
IRQ#: 0 hit
RAW int_no: 32
IRQ#: 0 hit
RAW int_no: 33
IRQ#: 1 hit
RAW int_no: 32
IRQ#: 0 hit
RAW int_no: 32
IRQ#: 0 hit
RAW int_no: 32
IRQ#: 0 hit
RAW int_no: 32
IRQ#: 0 hit
RAW int_no: 32
IRQ#: 0 hit
RAW int_no: 33
IRQ#: 1 hit
RAW int_no: 32
IRQ#: 0 hit
RAW int_no: 32
IRQ#: 0 hit
RAW int_no: 33
IRQ#: 1 hit
RAW int_no: 32
IRQ#: 0 hit
RAW int_no: 32
IRQ#: 0 hit
RAW int_no: 32
IRQ#: 0 hit
RAW int_no: 33
IRQ#: 1 hit
RAW int_no: 32
IRQ#: 0 hit
RAW int_no: 32
IRQ#: 0 hit
RAW int_no: 32
IRQ#: 0 hit
RAW int_no: 32
IRQ#: 0 hit
RAW int_no: 32
IRQ#: 0 hit
RAW int_no: 32
IRQ#: 0 hit
RAW int_no: 33
IRQ#: 1 hit
RAW int_no: 32
IRQ#: 0 hit
RAW int_no: 32
IRQ#: 0 hit
RAW int_no: 32
IRQ#: 0 hit
RAW int_no: 32
IRQ#: 0 hit
RAW int_no: 32
IRQ#: 0 hit
RAW int_no: 32
IRQ#: 0 hit
RAW int_no: 32
IRQ#: 0 hit
RAW int_no: 32
IRQ#: 0 hit
RAW int_no: 33
IRQ#: 1 hit
RAW int_no: 32
IRQ#: 0 hit
RAW int_no: 32
IRQ#: 0 hit
RAW int_no: 32
IRQ#: 0 hit
RAW int_no: 32
IRQ#: 0 hit
RAW int_no: 32
IRQ#: 0 hit
RAW int_no: 32
IRQ#: 0 hit
RAW int_no: 32
IRQ#: 0 hit
RAW int_no: 33
IRQ#: 1 hit
RAW int_no: 32
IRQ#: 0 hit
RAW int_no: 32
IRQ#: 0 hit
RAW int_no: 32
IRQ#: 0 hit
RAW int_no: 32
IRQ#: 0 hit
RAW int_no: 32
IRQ#: 0 hit
RAW int_no: 32
IRQ#: 0 hit
RAW int_no: 32
IRQ#: 0 hit
RAW int_no: 33
IRQ#: 1 hit
RAW int_no: 32
IRQ#: 0 hit
RAW int_no: 32
IRQ#: 0 hit
RAW int_no: 32
IRQ#: 0 hit
RAW int_no: 32
IRQ#: 0 hit
RAW int_no: 33
IRQ#: 1 hit
RAW int_no: 32
IRQ#: 0 hit
RAW int_no: 32
IRQ#: 0 hit
RAW int_no: 33
IRQ#: 1 hit
RAW int_no: 32
IRQ#: 0 hit
RAW int_no: 32
IRQ#: 0 hit
RAW int_no: 32
IRQ#: 0 hit
RAW int_no: 33
IRQ#: 1 hit
RAW int_no: 32
IRQ#: 0 hit
RAW int_no: 32
IRQ#: 0 hit
RAW int_no: 32
IRQ#: 0 hit
RAW int_no: 32
IRQ#: 0 hit
RAW int_no: 32
IRQ#: 0 hit
RAW int_no: 32
IRQ#: 0 hit
RAW int_no: 32
IRQ#: 0 hit
RAW int_no: 32
IRQ#: 0 hit
RAW int_no: 32
IRQ#: 0 hit
RAW int_no: 32
IRQ#: 0 hit
RAW int_no: 32
IRQ#: 0 hit
RAW int_no: 32
IRQ#: 0 hit
RAW int_no: 32
IRQ#: 0 hit
RAW int_no: 32
IRQ#: 0 hit
RAW int_no: 32
IRQ#: 0 hit
RAW int_no: 32
IRQ#: 0 hit
RAW int_no: 32
IRQ#: 0 hit
RAW int_no: 32
IRQ#: 0 hit
RAW int_no: 32
IRQ#: 0 hit
RAW int_no: 32
IRQ#: 0 hit
RAW int_no: 32
IRQ#: 0 hit
RAW int_no: 32
IRQ#: 0 hit
RAW int_no: 32
IRQ#: 0 hit
RAW int_no: 32
IRQ#: 0 hit
RAW int_no: 32
IRQ#: 0 hit
RAW int_no: 32
IRQ#: 0 hit
RAW int_no: 32
IRQ#: 0 hit
RAW int_no: 32
IRQ#: 0 hit
RAW int_no: 32
IRQ#: 0 hit
RAW int_no: 32
IRQ#: 0 hit
RAW int_no: 32
IRQ#: 0 hit
RAW int_no: 32
IRQ#: 0 hit
RAW int_no: 32
IRQ#: 0 hit
RAW int_no: 32
IRQ#: 0 hit
RAW int_no: 32
IRQ#: 0 hit
RAW int_no: 32
IRQ#: 0 hit
RAW int_no: 32
IRQ#: 0 hit
RAW int_no: 32
IRQ#: 0 hit
RAW int_no: 32
IRQ#: 0 hit
RAW int_no: 32
IRQ#: 0 hit
RAW int_no: 32
IRQ#: 0 hit
RAW int_no: 32
IRQ#: 0 hit
RAW int_no: 32
IRQ#: 0 hit
RAW int_no: 32
IRQ#: 0 hit
RAW int_no: 32
IRQ#: 0 hit
RAW int_no: 32
IRQ#: 0 hit
RAW int_no: 32
IRQ#: 0 hit
RAW int_no: 32
IRQ#: 0 hit
Timer tick: 400
RAW int_no: 32
IRQ#: 0 hit
RAW int_no: 32
IRQ#: 0 hit
RAW int_no: 32
IRQ#: 0 hit
RAW int_no: 32
IRQ#: 0 hit
RAW int_no: 33
IRQ#: 1 hit
RAW int_no: 32
IRQ#: 0 hit
RAW int_no: 32
IRQ#: 0 hit
RAW int_no: 32
IRQ#: 0 hit
RAW int_no: 32
IRQ#: 0 hit
RAW int_no: 32
IRQ#: 0 hit
RAW int_no: 32
IRQ#: 0 hit
RAW int_no: 32
IRQ#: 0 hit
RAW int_no: 33
IRQ#: 1 hit
RAW int_no: 33
IRQ#: 1 hit
RAW int_no: 32
IRQ#: 0 hit
RAW int_no: 32
IRQ#: 0 hit
RAW int_no: 32
IRQ#: 0 hit
RAW int_no: 32
IRQ#: 0 hit
RAW int_no: 32
IRQ#: 0 hit
RAW int_no: 32
IRQ#: 0 hit
RAW int_no: 32
IRQ#: 0 hit
RAW int_no: 33
IRQ#: 1 hit
RAW int_no: 32
IRQ#: 0 hit
RAW int_no: 32
IRQ#: 0 hit
RAW int_no: 32
IRQ#: 0 hit
RAW int_no: 32
IRQ#: 0 hit
RAW int_no: 32
IRQ#: 0 hit
RAW int_no: 32
IRQ#: 0 hit
RAW int_no: 32
IRQ#: 0 hit
RAW int_no: 32
IRQ#: 0 hit
RAW int_no: 32
IRQ#: 0 hit
RAW int_no: 32
IRQ#: 0 hit
RAW int_no: 32
IRQ#: 0 hit
RAW int_no: 32
IRQ#: 0 hit
RAW int_no: 32
IRQ#: 0 hit
RAW int_no: 32
IRQ#: 0 hit
RAW int_no: 32
IRQ#: 0 hit
RAW int_no: 32
IRQ#: 0 hit
RAW int_no: 32
IRQ#: 0 hit
RAW int_no: 32
IRQ#: 0 hit
RAW int_no: 32
IRQ#: 0 hit
RAW int_no: 32
IRQ#: 0 hit
RAW int_no: 32
IRQ#: 0 hit
RAW int_no: 32
IRQ#: 0 hit
RAW int_no: 32
IRQ#: 0 hit
RAW int_no: 32
IRQ#: 0 hit
RAW int_no: 32
IRQ#: 0 hit
RAW int_no: 32
IRQ#: 0 hit
RAW int_no: 32
IRQ#: 0 hit
RAW int_no: 32
IRQ#: 0 hit
RAW int_no: 32
IRQ#: 0 hit
RAW int_no: 32
IRQ#: 0 hit
RAW int_no: 32
IRQ#: 0 hit
RAW int_no: 32
IRQ#: 0 hit
RAW int_no: 32
IRQ#: 0 hit
RAW int_no: 32
IRQ#: 0 hit
RAW int_no: 32
IRQ#: 0 hit
RAW int_no: 32
IRQ#: 0 hit
RAW int_no: 32
IRQ#: 0 hit
RAW int_no: 32
IRQ#: 0 hit
RAW int_no: 32
IRQ#: 0 hit
RAW int_no: 32
IRQ#: 0 hit
RAW int_no: 32
IRQ#: 0 hit
RAW int_no: 32
IRQ#: 0 hit
RAW int_no: 32
IRQ#: 0 hit
RAW int_no: 32
IRQ#: 0 hit
RAW int_no: 32
IRQ#: 0 hit
RAW int_no: 32
IRQ#: 0 hit
RAW int_no: 32
IRQ#: 0 hit
RAW int_no: 32
IRQ#: 0 hit
RAW int_no: 32
IRQ#: 0 hit
RAW int_no: 32
IRQ#: 0 hit
RAW int_no: 32
IRQ#: 0 hit
RAW int_no: 32
IRQ#: 0 hit
RAW int_no: 32
IRQ#: 0 hit
RAW int_no: 32
IRQ#: 0 hit
RAW int_no: 32
IRQ#: 0 hit
RAW int_no: 32
IRQ#: 0 hit
RAW int_no: 32
IRQ#: 0 hit
RAW int_no: 32
IRQ#: 0 hit
RAW int_no: 32
IRQ#: 0 hit
RAW int_no: 32
IRQ#: 0 hit
RAW int_no: 32
IRQ#: 0 hit
RAW int_no: 32
IRQ#: 0 hit
RAW int_no: 32
IRQ#: 0 hit
RAW int_no: 32
IRQ#: 0 hit
RAW int_no: 32
IRQ#: 0 hit
RAW int_no: 32
IRQ#: 0 hit
RAW int_no: 32
IRQ#: 0 hit
RAW int_no: 32
IRQ#: 0 hit
RAW int_no: 32
IRQ#: 0 hit
RAW int_no: 32
IRQ#: 0 hit
RAW int_no: 32
IRQ#: 0 hit
RAW int_no: 32
IRQ#: 0 hit
RAW int_no: 32
IRQ#: 0 hit
RAW int_no: 32
IRQ#: 0 hit
RAW int_no: 32
IRQ#: 0 hit
RAW int_no: 32
IRQ#: 0 hit
RAW int_no: 32
IRQ#: 0 hit
RAW int_no: 32
IRQ#: 0 hit
RAW int_no: 32
IRQ#: 0 hit
RAW int_no: 32
IRQ#: 0 hit
RAW int_no: 32
IRQ#: 0 hit
RAW int_no: 32
IRQ#: 0 hit
Timer tick: 500
RAW int_no: 32
IRQ#: 0 hit
RAW int_no: 32
IRQ#: 0 hit
RAW int_no: 32
IRQ#: 0 hit
RAW int_no: 32
IRQ#: 0 hit
RAW int_no: 32
IRQ#: 0 hit
RAW int_no: 32
IRQ#: 0 hit
RAW int_no: 32
IRQ#: 0 hit
RAW int_no: 32
IRQ#: 0 hit
RAW int_no: 32
IRQ#: 0 hit
RAW int_no: 32
IRQ#: 0 hit
RAW int_no: 32
IRQ#: 0 hit
RAW int_no: 32
IRQ#: 0 hit
RAW int_no: 32
IRQ#: 0 hit
RAW int_no: 32
IRQ#: 0 hit
RAW int_no: 32
IRQ#: 0 hit
RAW int_no: 32
IRQ#: 0 hit
RAW int_no: 32
IRQ#: 0 hit
RAW int_no: 32
IRQ#: 0 hit
RAW int_no: 32
IRQ#: 0 hit
RAW int_no: 32
IRQ#: 0 hit
RAW int_no: 32
IRQ#: 0 hit
RAW int_no: 32
IRQ#: 0 hit
RAW int_no: 32
IRQ#: 0 hit
RAW int_no: 32
IRQ#: 0 hit
RAW int_no: 32
IRQ#: 0 hit
RAW int_no: 32
IRQ#: 0 hit
RAW int_no: 32
IRQ#: 0 hit
RAW int_no: 32
IRQ#: 0 hit
RAW int_no: 32
IRQ#: 0 hit
RAW int_no: 32
IRQ#: 0 hit
RAW int_no: 32
IRQ#: 0 hit
RAW int_no: 32
IRQ#: 0 hit
RAW int_no: 32
IRQ#: 0 hit
RAW int_no: 32
IRQ#: 0 hit
RAW int_no: 32
IRQ#: 0 hit
RAW int_no: 32
IRQ#: 0 hit
RAW int_no: 32
IRQ#: 0 hit
RAW int_no: 32
IRQ#: 0 hit
RAW int_no: 32
IRQ#: 0 hit
RAW int_no: 32
IRQ#: 0 hit
RAW int_no: 32
IRQ#: 0 hit
RAW int_no: 32
IRQ#: 0 hit
RAW int_no: 32
IRQ#: 0 hit
RAW int_no: 32
IRQ#: 0 hit
RAW int_no: 32
IRQ#: 0 hit
RAW int_no: 32
IRQ#: 0 hit
RAW int_no: 32
IRQ#: 0 hit
RAW int_no: 32
IRQ#: 0 hit
RAW int_no: 32
IRQ#: 0 hit
RAW int_no: 32
IRQ#: 0 hit
RAW int_no: 32
IRQ#: 0 hit
RAW int_no: 32
IRQ#: 0 hit
RAW int_no: 32
IRQ#: 0 hit
RAW int_no: 32
IRQ#: 0 hit
RAW int_no: 32
IRQ#: 0 hit
RAW int_no: 32
IRQ#: 0 hit
RAW int_no: 32
IRQ#: 0 hit
RAW int_no: 32
IRQ#: 0 hit
RAW int_no: 32
IRQ#: 0 hit
RAW int_no: 32
IRQ#: 0 hit
RAW int_no: 32
IRQ#: 0 hit
RAW int_no: 32
IRQ#: 0 hit
RAW int_no: 32
IRQ#: 0 hit
RAW int_no: 32
IRQ#: 0 hit
RAW int_no: 32
IRQ#: 0 hit
RAW int_no: 32
IRQ#: 0 hit
RAW int_no: 32
IRQ#: 0 hit
RAW int_no: 32
IRQ#: 0 hit
RAW int_no: 32
IRQ#: 0 hit
RAW int_no: 32
IRQ#: 0 hit
RAW int_no: 32
IRQ#: 0 hit
RAW int_no: 32
IRQ#: 0 hit
RAW int_no: 32
IRQ#: 0 hit
RAW int_no: 32
IRQ#: 0 hit
RAW int_no: 32
IRQ#: 0 hit
RAW int_no: 32
IRQ#: 0 hit
RAW int_no: 32
IRQ#: 0 hit
RAW int_no: 32
IRQ#: 0 hit
RAW int_no: 32
IRQ#: 0 hit
RAW int_no: 32
IRQ#: 0 hit
RAW int_no: 32
IRQ#: 0 hit
RAW int_no: 32
IRQ#: 0 hit
RAW int_no: 32
IRQ#: 0 hit
RAW int_no: 32
IRQ#: 0 hit
RAW int_no: 32
IRQ#: 0 hit
RAW int_no: 32
IRQ#: 0 hit
RAW int_no: 32
IRQ#: 0 hit
RAW int_no: 32
IRQ#: 0 hit
RAW int_no: 32
IRQ#: 0 hit
RAW int_no: 32
IRQ#: 0 hit
RAW int_no: 32
IRQ#: 0 hit
RAW int_no: 32
IRQ#: 0 hit
RAW int_no: 32
IRQ#: 0 hit
RAW int_no: 32
IRQ#: 0 hit
RAW int_no: 32
IRQ#: 0 hit
RAW int_no: 32
IRQ#: 0 hit
RAW int_no: 32
IRQ#: 0 hit
RAW int_no: 32
IRQ#: 0 hit
RAW int_no: 32
IRQ#: 0 hit
RAW int_no: 32
IRQ#: 0 hit
Timer tick: 600
RAW int_no: 32
IRQ#: 0 hit
RAW int_no: 32
IRQ#: 0 hit
RAW int_no: 32
IRQ#: 0 hit
RAW int_no: 32
IRQ#: 0 hit
RAW int_no: 32
IRQ#: 0 hit
RAW int_no: 32
IRQ#: 0 hit
RAW int_no: 32
IRQ#: 0 hit
RAW int_no: 32
IRQ#: 0 hit
RAW int_no: 32
IRQ#: 0 hit
RAW int_no: 32
IRQ#: 0 hit
RAW int_no: 32
IRQ#: 0 hit
RAW int_no: 32
IRQ#: 0 hit
RAW int_no: 32
IRQ#: 0 hit
RAW int_no: 32
IRQ#: 0 hit
RAW int_no: 32
IRQ#: 0 hit
RAW int_no: 32
IRQ#: 0 hit
RAW int_no: 32
IRQ#: 0 hit
RAW int_no: 32
IRQ#: 0 hit
RAW int_no: 32
IRQ#: 0 hit
RAW int_no: 32
IRQ#: 0 hit
RAW int_no: 32
IRQ#: 0 hit
RAW int_no: 32
IRQ#: 0 hit
RAW int_no: 32
IRQ#: 0 hit
RAW int_no: 32
IRQ#: 0 hit
RAW int_no: 32
IRQ#: 0 hit
RAW int_no: 32
IRQ#: 0 hit
RAW int_no: 32
IRQ#: 0 hit
RAW int_no: 32
IRQ#: 0 hit
RAW int_no: 32
IRQ#: 0 hit
RAW int_no: 32
IRQ#: 0 hit
RAW int_no: 32
IRQ#: 0 hit
RAW int_no: 32
IRQ#: 0 hit
RAW int_no: 32
IRQ#: 0 hit
RAW int_no: 32
IRQ#: 0 hit
RAW int_no: 32
IRQ#: 0 hit
RAW int_no: 32
IRQ#: 0 hit
RAW int_no: 32
IRQ#: 0 hit
RAW int_no: 32
IRQ#: 0 hit
RAW int_no: 32
IRQ#: 0 hit
RAW int_no: 32
IRQ#: 0 hit
RAW int_no: 32
IRQ#: 0 hit
RAW int_no: 32
IRQ#: 0 hit
RAW int_no: 32
IRQ#: 0 hit
RAW int_no: 32
IRQ#: 0 hit
RAW int_no: 32
IRQ#: 0 hit
RAW int_no: 32
IRQ#: 0 hit
RAW int_no: 32
IRQ#: 0 hit
RAW int_no: 32
IRQ#: 0 hit
RAW int_no: 32
IRQ#: 0 hit
RAW int_no: 32
IRQ#: 0 hit
RAW int_no: 32
IRQ#: 0 hit
RAW int_no: 32
IRQ#: 0 hit
RAW int_no: 32
IRQ#: 0 hit
RAW int_no: 32
IRQ#: 0 hit
RAW int_no: 32
IRQ#: 0 hit
RAW int_no: 32
IRQ#: 0 hit
RAW int_no: 32
IRQ#: 0 hit
RAW int_no: 32
IRQ#: 0 hit
RAW int_no: 32
IRQ#: 0 hit
RAW int_no: 32
IRQ#: 0 hit
RAW int_no: 32
IRQ#: 0 hit
RAW int_no: 32
IRQ#: 0 hit
RAW int_no: 32
IRQ#: 0 hit
RAW int_no: 32
IRQ#: 0 hit
RAW int_no: 32
IRQ#: 0 hit
RAW int_no: 32
IRQ#: 0 hit
RAW int_no: 32
IRQ#: 0 hit
RAW int_no: 32
IRQ#: 0 hit
RAW int_no: 32
IRQ#: 0 hit
RAW int_no: 32
IRQ#: 0 hit
RAW int_no: 32
IRQ#: 0 hit
RAW int_no: 32
IRQ#: 0 hit
RAW int_no: 32
IRQ#: 0 hit
RAW int_no: 32
IRQ#: 0 hit
RAW int_no: 32
IRQ#: 0 hit
RAW int_no: 32
IRQ#: 0 hit
RAW int_no: 32
IRQ#: 0 hit
RAW int_no: 32
IRQ#: 0 hit
RAW int_no: 32
IRQ#: 0 hit
RAW int_no: 32
IRQ#: 0 hit
RAW int_no: 32
IRQ#: 0 hit
RAW int_no: 32
IRQ#: 0 hit
RAW int_no: 32
IRQ#: 0 hit
RAW int_no: 32
IRQ#: 0 hit
RAW int_no: 32
IRQ#: 0 hit
RAW int_no: 32
IRQ#: 0 hit
RAW int_no: 32
IRQ#: 0 hit
RAW int_no: 32
IRQ#: 0 hit
RAW int_no: 32
IRQ#: 0 hit
RAW int_no: 32
IRQ#: 0 hit
RAW int_no: 32
IRQ#: 0 hit
RAW int_no: 32
IRQ#: 0 hit
RAW int_no: 32
IRQ#: 0 hit
RAW int_no: 32
IRQ#: 0 hit
RAW int_no: 32
IRQ#: 0 hit
RAW int_no: 32
IRQ#: 0 hit
RAW int_no: 32
IRQ#: 0 hit
RAW int_no: 32
IRQ#: 0 hit
RAW int_no: 32
IRQ#: 0 hit
RAW int_no: 32
IRQ#: 0 hit
Timer tick: 700
RAW int_no: 32
IRQ#: 0 hit
RAW int_no: 32
IRQ#: 0 hit
RAW int_no: 32
IRQ#: 0 hit
RAW int_no: 32
IRQ#: 0 hit
RAW int_no: 32
IRQ#: 0 hit
RAW int_no: 32
IRQ#: 0 hit
RAW int_no: 32
IRQ#: 0 hit
RAW int_no: 32
IRQ#: 0 hit
RAW int_no: 32
IRQ#: 0 hit
RAW int_no: 32
IRQ#: 0 hit
RAW int_no: 32
IRQ#: 0 hit
RAW int_no: 32
IRQ#: 0 hit
RAW int_no: 32
IRQ#: 0 hit
RAW int_no: 32
IRQ#: 0 hit
RAW int_no: 32
IRQ#: 0 hit
RAW int_no: 32
IRQ#: 0 hit
RAW int_no: 32
IRQ#: 0 hit
RAW int_no: 32
IRQ#: 0 hit
RAW int_no: 32
IRQ#: 0 hit
RAW int_no: 32
IRQ#: 0 hit
RAW int_no: 32
IRQ#: 0 hit
RAW int_no: 32
IRQ#: 0 hit
RAW int_no: 32
IRQ#: 0 hit
RAW int_no: 32
IRQ#: 0 hit
RAW int_no: 32
IRQ#: 0 hit
RAW int_no: 32
IRQ#: 0 hit
RAW int_no: 32
IRQ#: 0 hit
RAW int_no: 32
IRQ#: 0 hit
RAW int_no: 32
IRQ#: 0 hit
RAW int_no: 32
IRQ#: 0 hit
RAW int_no: 32
IRQ#: 0 hit
RAW int_no: 32
IRQ#: 0 hit
RAW int_no: 32
IRQ#: 0 hit
RAW int_no: 32
IRQ#: 0 hit
RAW int_no: 32
IRQ#: 0 hit
RAW int_no: 32
IRQ#: 0 hit
RAW int_no: 32
IRQ#: 0 hit
RAW int_no: 32
IRQ#: 0 hit
RAW int_no: 32
IRQ#: 0 hit
RAW int_no: 32
IRQ#: 0 hit
RAW int_no: 32
IRQ#: 0 hit
RAW int_no: 32
IRQ#: 0 hit
RAW int_no: 32
IRQ#: 0 hit
RAW int_no: 32
IRQ#: 0 hit
RAW int_no: 32
IRQ#: 0 hit
RAW int_no: 32
IRQ#: 0 hit
RAW int_no: 32
IRQ#: 0 hit
RAW int_no: 32
IRQ#: 0 hit
RAW int_no: 32
IRQ#: 0 hit
RAW int_no: 32
IRQ#: 0 hit
RAW int_no: 32
IRQ#: 0 hit
RAW int_no: 32
IRQ#: 0 hit
RAW int_no: 32
IRQ#: 0 hit
RAW int_no: 32
IRQ#: 0 hit
RAW int_no: 32
IRQ#: 0 hit
RAW int_no: 32
IRQ#: 0 hit
RAW int_no: 32
IRQ#: 0 hit
RAW int_no: 32
IRQ#: 0 hit
RAW int_no: 32
IRQ#: 0 hit
RAW int_no: 32
IRQ#: 0 hit
RAW int_no: 32
IRQ#: 0 hit
RAW int_no: 32
IRQ#: 0 hit
RAW int_no: 32
IRQ#: 0 hit
RAW int_no: 32
IRQ#: 0 hit
RAW int_no: 32
IRQ#: 0 hit
RAW int_no: 32
IRQ#: 0 hit
RAW int_no: 32
IRQ#: 0 hit
RAW int_no: 32
IRQ#: 0 hit
RAW int_no: 32
IRQ#: 0 hit
RAW int_no: 32
IRQ#: 0 hit
RAW int_no: 33
IRQ#: 1 hit
RAW int_no: 32
IRQ#: 0 hit
RAW int_no: 32
IRQ#: 0 hit
RAW int_no: 32
IRQ#: 0 hit
RAW int_no: 32
IRQ#: 0 hit
RAW int_no: 32
IRQ#: 0 hit
RAW int_no: 32
IRQ#: 0 hit
RAW int_no: 32
IRQ#: 0 hit
RAW int_no: 32
IRQ#: 0 hit
RAW int_no: 32
IRQ#: 0 hit
RAW int_no: 32
IRQ#: 0 hit
RAW int_no: 32
IRQ#: 0 hit
RAW int_no: 32
IRQ#: 0 hit
RAW int_no: 32
IRQ#: 0 hit
RAW int_no: 32
IRQ#: 0 hit
RAW int_no: 32
IRQ#: 0 hit
RAW int_no: 32
IRQ#: 0 hit
RAW int_no: 32
IRQ#: 0 hit
RAW int_no: 32
IRQ#: 0 hit
RAW int_no: 32
IRQ#: 0 hit
RAW int_no: 32
IRQ#: 0 hit
RAW int_no: 32
IRQ#: 0 hit
RAW int_no: 32
IRQ#: 0 hit
RAW int_no: 32
IRQ#: 0 hit
RAW int_no: 32
IRQ#: 0 hit
RAW int_no: 32
IRQ#: 0 hit
RAW int_no: 32
IRQ#: 0 hit
RAW int_no: 32
IRQ#: 0 hit
RAW int_no: 32
IRQ#: 0 hit
RAW int_no: 32
IRQ#: 0 hit
RAW int_no: 32
IRQ#: 0 hit
Timer tick: 800
RAW int_no: 32
IRQ#: 0 hit
RAW int_no: 32
IRQ#: 0 hit
RAW int_no: 32
IRQ#: 0 hit
RAW int_no: 32
IRQ#: 0 hit
RAW int_no: 32
IRQ#: 0 hit
RAW int_no: 32
IRQ#: 0 hit
RAW int_no: 32
IRQ#: 0 hit
RAW int_no: 32
IRQ#: 0 hit
RAW int_no: 32
IRQ#: 0 hit
RAW int_no: 32
IRQ#: 0 hit
RAW int_no: 33
IRQ#: 1 hit
RAW int_no: 32
IRQ#: 0 hit
RAW int_no: 32
IRQ#: 0 hit
RAW int_no: 32
IRQ#: 0 hit
RAW int_no: 32
IRQ#: 0 hit
RAW int_no: 32
IRQ#: 0 hit
RAW int_no: 32
IRQ#: 0 hit
RAW int_no: 32
IRQ#: 0 hit
RAW int_no: 32
IRQ#: 0 hit
RAW int_no: 32
IRQ#: 0 hit
RAW int_no: 32
IRQ#: 0 hit
RAW int_no: 32
IRQ#: 0 hit
RAW int_no: 32
IRQ#: 0 hit
RAW int_no: 32
IRQ#: 0 hit
RAW int_no: 32
IRQ#: 0 hit
RAW int_no: 32
IRQ#: 0 hit
RAW int_no: 32
IRQ#: 0 hit
RAW int_no: 32
IRQ#: 0 hit
RAW int_no: 32
IRQ#: 0 hit
RAW int_no: 32
IRQ#: 0 hit
RAW int_no: 32
IRQ#: 0 hit
RAW int_no: 32
IRQ#: 0 hit
RAW int_no: 32
IRQ#: 0 hit
RAW int_no: 32
IRQ#: 0 hit
RAW int_no: 32
IRQ#: 0 hit
RAW int_no: 32
IRQ#: 0 hit
RAW int_no: 32
IRQ#: 0 hit
RAW int_no: 32
IRQ#: 0 hit
RAW int_no: 32
IRQ#: 0 hit
RAW int_no: 32
IRQ#: 0 hit
RAW int_no: 32
IRQ#: 0 hit
RAW int_no: 32
IRQ#: 0 hit
RAW int_no: 32
IRQ#: 0 hit
RAW int_no: 32
IRQ#: 0 hit
RAW int_no: 32
IRQ#: 0 hit
RAW int_no: 32
IRQ#: 0 hit
RAW int_no: 32
IRQ#: 0 hit
RAW int_no: 32
IRQ#: 0 hit
RAW int_no: 32
IRQ#: 0 hit
RAW int_no: 32
IRQ#: 0 hit
RAW int_no: 32
IRQ#: 0 hit
RAW int_no: 33
IRQ#: 1 hit
RAW int_no: 32
IRQ#: 0 hit
RAW int_no: 32
IRQ#: 0 hit
RAW int_no: 32
IRQ#: 0 hit
RAW int_no: 33
IRQ#: 1 hit
RAW int_no: 32
IRQ#: 0 hit
RAW int_no: 32
IRQ#: 0 hit
RAW int_no: 32
IRQ#: 0 hit
RAW int_no: 32
IRQ#: 0 hit
RAW int_no: 32
IRQ#: 0 hit
RAW int_no: 32
IRQ#: 0 hit
RAW int_no: 32
IRQ#: 0 hit
RAW int_no: 32
IRQ#: 0 hit
RAW int_no: 32
IRQ#: 0 hit
RAW int_no: 32
IRQ#: 0 hit
RAW int_no: 32
IRQ#: 0 hit
RAW int_no: 32
IRQ#: 0 hit
RAW int_no: 32
IRQ#: 0 hit
RAW int_no: 32
IRQ#: 0 hit
RAW int_no: 32
IRQ#: 0 hit
RAW int_no: 32
IRQ#: 0 hit
RAW int_no: 32
IRQ#: 0 hit
RAW int_no: 32
IRQ#: 0 hit
RAW int_no: 32
IRQ#: 0 hit
RAW int_no: 32
IRQ#: 0 hit
RAW int_no: 32
IRQ#: 0 hit
RAW int_no: 32
IRQ#: 0 hit
RAW int_no: 32
IRQ#: 0 hit
RAW int_no: 32
IRQ#: 0 hit
RAW int_no: 32
IRQ#: 0 hit
RAW int_no: 32
IRQ#: 0 hit
RAW int_no: 32
IRQ#: 0 hit
RAW int_no: 32
IRQ#: 0 hit
RAW int_no: 32
IRQ#: 0 hit
RAW int_no: 32
IRQ#: 0 hit
RAW int_no: 32
IRQ#: 0 hit
RAW int_no: 32
IRQ#: 0 hit
RAW int_no: 32
IRQ#: 0 hit
RAW int_no: 32
IRQ#: 0 hit
RAW int_no: 32
IRQ#: 0 hit
RAW int_no: 32
IRQ#: 0 hit
RAW int_no: 32
IRQ#: 0 hit
RAW int_no: 32
IRQ#: 0 hit
RAW int_no: 32
IRQ#: 0 hit
RAW int_no: 32
IRQ#: 0 hit
RAW int_no: 32
IRQ#: 0 hit
RAW int_no: 32
IRQ#: 0 hit
RAW int_no: 32
IRQ#: 0 hit
RAW int_no: 32
IRQ#: 0 hit
RAW int_no: 32
IRQ#: 0 hit
RAW int_no: 32
IRQ#: 0 hit
RAW int_no: 32
IRQ#: 0 hit
Timer tick: 900
RAW int_no: 32
IRQ#: 0 hit
RAW int_no: 32
IRQ#: 0 hit
RAW int_no: 32
IRQ#: 0 hit
RAW int_no: 32
IRQ#: 0 hit
RAW int_no: 32
IRQ#: 0 hit
RAW int_no: 32
IRQ#: 0 hit
RAW int_no: 32
IRQ#: 0 hit
RAW int_no: 32
IRQ#: 0 hit
RAW int_no: 32
IRQ#: 0 hit
RAW int_no: 32
IRQ#: 0 hit
RAW int_no: 32
IRQ#: 0 hit
RAW int_no: 32
IRQ#: 0 hit
RAW int_no: 32
IRQ#: 0 hit
RAW int_no: 32
IRQ#: 0 hit
RAW int_no: 32
IRQ#: 0 hit
RAW int_no: 32
IRQ#: 0 hit
RAW int_no: 32
IRQ#: 0 hit
RAW int_no: 32
IRQ#: 0 hit
RAW int_no: 32
IRQ#: 0 hit
RAW int_no: 32
IRQ#: 0 hit
RAW int_no: 32
IRQ#: 0 hit
RAW int_no: 32
IRQ#: 0 hit
RAW int_no: 32
IRQ#: 0 hit
RAW int_no: 32
IRQ#: 0 hit
RAW int_no: 32
IRQ#: 0 hit
RAW int_no: 32
IRQ#: 0 hit
RAW int_no: 32
IRQ#: 0 hit
RAW int_no: 32
IRQ#: 0 hit
RAW int_no: 32
IRQ#: 0 hit
RAW int_no: 32
IRQ#: 0 hit
RAW int_no: 32
IRQ#: 0 hit
RAW int_no: 32
IRQ#: 0 hit
RAW int_no: 32
IRQ#: 0 hit
RAW int_no: 32
IRQ#: 0 hit
RAW int_no: 32
IRQ#: 0 hit
RAW int_no: 32
IRQ#: 0 hit
RAW int_no: 32
IRQ#: 0 hit
RAW int_no: 32
IRQ#: 0 hit
RAW int_no: 32
IRQ#: 0 hit
RAW int_no: 32
IRQ#: 0 hit
RAW int_no: 32
IRQ#: 0 hit
RAW int_no: 32
IRQ#: 0 hit
RAW int_no: 32
IRQ#: 0 hit
RAW int_no: 32
IRQ#: 0 hit
RAW int_no: 32
IRQ#: 0 hit
RAW int_no: 32
IRQ#: 0 hit
RAW int_no: 32
IRQ#: 0 hit
RAW int_no: 32
IRQ#: 0 hit
RAW int_no: 32
IRQ#: 0 hit
RAW int_no: 32
IRQ#: 0 hit
RAW int_no: 32
IRQ#: 0 hit
RAW int_no: 32
IRQ#: 0 hit
RAW int_no: 32
IRQ#: 0 hit
RAW int_no: 32
IRQ#: 0 hit
RAW int_no: 32
IRQ#: 0 hit
RAW int_no: 32
IRQ#: 0 hit
RAW int_no: 32
IRQ#: 0 hit
RAW int_no: 32
IRQ#: 0 hit
RAW int_no: 32
IRQ#: 0 hit
RAW int_no: 32
IRQ#: 0 hit
RAW int_no: 32
IRQ#: 0 hit
RAW int_no: 32
IRQ#: 0 hit
RAW int_no: 32
IRQ#: 0 hit
RAW int_no: 32
IRQ#: 0 hit
RAW int_no: 32
IRQ#: 0 hit
RAW int_no: 32
IRQ#: 0 hit
RAW int_no: 32
IRQ#: 0 hit
RAW int_no: 32
IRQ#: 0 hit
RAW int_no: 32
IRQ#: 0 hit
RAW int_no: 32
IRQ#: 0 hit
RAW int_no: 32
IRQ#: 0 hit
RAW int_no: 32
IRQ#: 0 hit
RAW int_no: 32
IRQ#: 0 hit
RAW int_no: 32
IRQ#: 0 hit
RAW int_no: 32
IRQ#: 0 hit
RAW int_no: 32
IRQ#: 0 hit
RAW int_no: 32
IRQ#: 0 hit
RAW int_no: 32
IRQ#: 0 hit
RAW int_no: 32
IRQ#: 0 hit
RAW int_no: 32
IRQ#: 0 hit
RAW int_no: 32
IRQ#: 0 hit
RAW int_no: 32
IRQ#: 0 hit
RAW int_no: 32
IRQ#: 0 hit
RAW int_no: 32
IRQ#: 0 hit
RAW int_no: 32
IRQ#: 0 hit
RAW int_no: 32
IRQ#: 0 hit
RAW int_no: 32
IRQ#: 0 hit
RAW int_no: 32
IRQ#: 0 hit
RAW int_no: 32
IRQ#: 0 hit
RAW int_no: 32
IRQ#: 0 hit
RAW int_no: 32
IRQ#: 0 hit
RAW int_no: 32
IRQ#: 0 hit
RAW int_no: 32
IRQ#: 0 hit
RAW int_no: 32
IRQ#: 0 hit
RAW int_no: 32
IRQ#: 0 hit
RAW int_no: 32
IRQ#: 0 hit
RAW int_no: 32
IRQ#: 0 hit
RAW int_no: 32
IRQ#: 0 hit
RAW int_no: 32
IRQ#: 0 hit
RAW int_no: 32
IRQ#: 0 hit
Timer tick: 1000
RAW int_no: 32
IRQ#: 0 hit
RAW int_no: 32
IRQ#: 0 hit
RAW int_no: 32
IRQ#: 0 hit
RAW int_no: 32
IRQ#: 0 hit
RAW int_no: 32
IRQ#: 0 hit
RAW int_no: 32
IRQ#: 0 hit
RAW int_no: 32
IRQ#: 0 hit
RAW int_no: 32
IRQ#: 0 hit
RAW int_no: 32
IRQ#: 0 hit
RAW int_no: 32
IRQ#: 0 hit
RAW int_no: 32
IRQ#: 0 hit
RAW int_no: 32
IRQ#: 0 hit
RAW int_no: 32
IRQ#: 0 hit
RAW int_no: 32
IRQ#: 0 hit
RAW int_no: 32
IRQ#: 0 hit
RAW int_no: 32
IRQ#: 0 hit
RAW int_no: 32
IRQ#: 0 hit
RAW int_no: 32
IRQ#: 0 hit
RAW int_no: 32
IRQ#: 0 hit
RAW int_no: 32
IRQ#: 0 hit
RAW int_no: 32
IRQ#: 0 hit
RAW int_no: 32
IRQ#: 0 hit
RAW int_no: 32
IRQ#: 0 hit
RAW int_no: 32
IRQ#: 0 hit
RAW int_no: 32
IRQ#: 0 hit
RAW int_no: 32
IRQ#: 0 hit
RAW int_no: 32
IRQ#: 0 hit
RAW int_no: 32
IRQ#: 0 hit
RAW int_no: 32
IRQ#: 0 hit
RAW int_no: 32
IRQ#: 0 hit
RAW int_no: 32
IRQ#: 0 hit
RAW int_no: 32
IRQ#: 0 hit
RAW int_no: 32
IRQ#: 0 hit
RAW int_no: 32
IRQ#: 0 hit
RAW int_no: 32
IRQ#: 0 hit
RAW int_no: 32
IRQ#: 0 hit
RAW int_no: 32
IRQ#: 0 hit
RAW int_no: 32
IRQ#: 0 hit
RAW int_no: 32
IRQ#: 0 hit
